2026-07-01T15:01:23Z [Info] [carb] Logging to file: /isaac-sim/kit/logs/Kit/Isaac-Sim Python/6.0/kit_20260701_150123.log
[0.042s] [ext: omni.assets.plugins-0.0.0] startup
[0.042s] [ext: omni.blobkey-1.1.2] startup
[0.043s] [ext: omni.kit.async_engine-0.0.3] startup
[0.420s] [ext: omni.client.lib-1.1.1] startup
[0.450s] [ext: omni.client-1.3.0] startup
2026-07-01T15:01:24Z [489ms] [Warning] [carb.omniclient.plugin]  86: OmniHub: ThreadId(02) Hub encountered error. Trying to reconnect to Hub. retry_reason="Hub failed to launch: Io(\"child exited with exit status: 1 without writing file \\\"/tmp/hub-isaac-sim-4DFC4E3D.config.json\\\"\")"
2026-07-01T15:01:24Z [560ms] [Warning] [carb.omniclient.plugin]  86: OmniHub: ThreadId(02) Hub encountered error. Trying to reconnect to Hub. retry_reason="Hub failed to launch: Io(\"child exited with exit status: 1 without writing file \\\"/tmp/hub-isaac-sim-4DFC4E3D.config.json\\\"\")"
2026-07-01T15:01:24Z [642ms] [Warning] [carb.omniclient.plugin]  86: OmniHub: ThreadId(02) Hub encountered error. Trying to reconnect to Hub. retry_reason="Hub failed to launch: Io(\"child exited with exit status: 1 without writing file \\\"/tmp/hub-isaac-sim-4DFC4E3D.config.json\\\"\")"
2026-07-01T15:01:24Z [733ms] [Warning] [carb.omniclient.plugin]  86: OmniHub: ThreadId(02) Hub encountered error. Trying to reconnect to Hub. retry_reason="Hub failed to launch: Io(\"child exited with exit status: 1 without writing file \\\"/tmp/hub-isaac-sim-4DFC4E3D.config.json\\\"\")"
2026-07-01T15:01:24Z [835ms] [Warning] [carb.omniclient.plugin]  86: OmniHub: ThreadId(02) Hub encountered error. Trying to reconnect to Hub. retry_reason="Hub failed to launch: Io(\"child exited with exit status: 1 without writing file \\\"/tmp/hub-isaac-sim-4DFC4E3D.config.json\\\"\")"
2026-07-01T15:01:24Z [947ms] [Warning] [carb.omniclient.plugin]  86: OmniHub: ThreadId(02) Hub encountered error. Trying to reconnect to Hub. retry_reason="Hub failed to launch: Io(\"child exited with exit status: 1 without writing file \\\"/tmp/hub-isaac-sim-4DFC4E3D.config.json\\\"\")"
2026-07-01T15:01:24Z [1,069ms] [Warning] [carb.omniclient.plugin]  86: OmniHub: ThreadId(02) Hub encountered error. Trying to reconnect to Hub. retry_reason="Hub failed to launch: Io(\"child exited with exit status: 1 without writing file \\\"/tmp/hub-isaac-sim-4DFC4E3D.config.json\\\"\")"
2026-07-01T15:01:24Z [1,200ms] [Warning] [carb.omniclient.plugin]  86: OmniHub: ThreadId(02) Hub encountered error. Trying to reconnect to Hub. retry_reason="Hub failed to launch: Io(\"child exited with exit status: 1 without writing file \\\"/tmp/hub-isaac-sim-4DFC4E3D.config.json\\\"\")"
2026-07-01T15:01:24Z [1,342ms] [Warning] [carb.omniclient.plugin]  86: OmniHub: ThreadId(02) Hub encountered error. Trying to reconnect to Hub. retry_reason="Hub failed to launch: Io(\"child exited with exit status: 1 without writing file \\\"/tmp/hub-isaac-sim-4DFC4E3D.config.json\\\"\")"
2026-07-01T15:01:25Z [1,494ms] [Warning] [carb.omniclient.plugin]  86: OmniHub: ThreadId(02) Hub encountered error. Trying to reconnect to Hub. retry_reason="Hub failed to launch: Io(\"child exited with exit status: 1 without writing file \\\"/tmp/hub-isaac-sim-4DFC4E3D.config.json\\\"\")"
2026-07-01T15:01:25Z [1,655ms] [Warning] [carb.omniclient.plugin]  86: OmniHub: ThreadId(02) Hub encountered error. Trying to reconnect to Hub. retry_reason="Hub failed to launch: Io(\"child exited with exit status: 1 without writing file \\\"/tmp/hub-isaac-sim-4DFC4E3D.config.json\\\"\")"
2026-07-01T15:01:25Z [1,827ms] [Warning] [carb.omniclient.plugin]  86: OmniHub: ThreadId(02) Hub encountered error. Trying to reconnect to Hub. retry_reason="Hub failed to launch: Io(\"child exited with exit status: 1 without writing file \\\"/tmp/hub-isaac-sim-4DFC4E3D.config.json\\\"\")"
2026-07-01T15:01:25Z [2,009ms] [Warning] [carb.omniclient.plugin]  86: OmniHub: ThreadId(02) Hub encountered error. Trying to reconnect to Hub. retry_reason="Hub failed to launch: Io(\"child exited with exit status: 1 without writing file \\\"/tmp/hub-isaac-sim-4DFC4E3D.config.json\\\"\")"
2026-07-01T15:01:25Z [2,200ms] [Warning] [carb.omniclient.plugin]  86: OmniHub: ThreadId(02) Hub encountered error. Trying to reconnect to Hub. retry_reason="Hub failed to launch: Io(\"child exited with exit status: 1 without writing file \\\"/tmp/hub-isaac-sim-4DFC4E3D.config.json\\\"\")"
2026-07-01T15:01:26Z [2,401ms] [Warning] [carb.omniclient.plugin]  86: OmniHub: ThreadId(02) Hub encountered error. Trying to reconnect to Hub. retry_reason="Hub failed to launch: Io(\"child exited with exit status: 1 without writing file \\\"/tmp/hub-isaac-sim-4DFC4E3D.config.json\\\"\")"
2026-07-01T15:01:26Z [2,613ms] [Warning] [carb.omniclient.plugin]  86: OmniHub: ThreadId(02) Hub encountered error. Trying to reconnect to Hub. retry_reason="Hub failed to launch: Io(\"child exited with exit status: 1 without writing file \\\"/tmp/hub-isaac-sim-4DFC4E3D.config.json\\\"\")"
2026-07-01T15:01:26Z [2,835ms] [Warning] [carb.omniclient.plugin]  86: OmniHub: ThreadId(02) Hub encountered error. Trying to reconnect to Hub. retry_reason="Hub failed to launch: Io(\"child exited with exit status: 1 without writing file \\\"/tmp/hub-isaac-sim-4DFC4E3D.config.json\\\"\")"
2026-07-01T15:01:26Z [3,066ms] [Warning] [carb.omniclient.plugin]  86: OmniHub: ThreadId(02) Hub encountered error. Trying to reconnect to Hub. retry_reason="Hub failed to launch: Io(\"child exited with exit status: 1 without writing file \\\"/tmp/hub-isaac-sim-4DFC4E3D.config.json\\\"\")"
2026-07-01T15:01:26Z [3,308ms] [Warning] [carb.omniclient.plugin]  86: OmniHub: ThreadId(02) Hub encountered error. Trying to reconnect to Hub. retry_reason="Hub failed to launch: Io(\"child exited with exit status: 1 without writing file \\\"/tmp/hub-isaac-sim-4DFC4E3D.config.json\\\"\")"
2026-07-01T15:01:27Z [3,559ms] [Warning] [carb.omniclient.plugin]  86: OmniHub: ThreadId(02) Hub encountered error. Trying to reconnect to Hub. retry_reason="Hub failed to launch: Io(\"child exited with exit status: 1 without writing file \\\"/tmp/hub-isaac-sim-4DFC4E3D.config.json\\\"\")"
2026-07-01T15:01:27Z [3,821ms] [Warning] [carb.omniclient.plugin]  86: OmniHub: ThreadId(02) Hub encountered error. Trying to reconnect to Hub. retry_reason="Hub failed to launch: Io(\"child exited with exit status: 1 without writing file \\\"/tmp/hub-isaac-sim-4DFC4E3D.config.json\\\"\")"
2026-07-01T15:01:27Z [4,093ms] [Warning] [carb.omniclient.plugin]  86: OmniHub: ThreadId(02) Hub encountered error. Trying to reconnect to Hub. retry_reason="Hub failed to launch: Io(\"child exited with exit status: 1 without writing file \\\"/tmp/hub-isaac-sim-4DFC4E3D.config.json\\\"\")"
2026-07-01T15:01:27Z [4,374ms] [Warning] [carb.omniclient.plugin]  86: OmniHub: ThreadId(02) Hub encountered error. Trying to reconnect to Hub. retry_reason="Hub failed to launch: Io(\"child exited with exit status: 1 without writing file \\\"/tmp/hub-isaac-sim-4DFC4E3D.config.json\\\"\")"
2026-07-01T15:01:28Z [4,665ms] [Warning] [carb.omniclient.plugin]  86: OmniHub: ThreadId(02) Hub encountered error. Trying to reconnect to Hub. retry_reason="Hub failed to launch: Io(\"child exited with exit status: 1 without writing file \\\"/tmp/hub-isaac-sim-4DFC4E3D.config.json\\\"\")"
2026-07-01T15:01:28Z [4,966ms] [Warning] [carb.omniclient.plugin]  86: OmniHub: ThreadId(02) Hub encountered error. Trying to reconnect to Hub. retry_reason="Hub failed to launch: Io(\"child exited with exit status: 1 without writing file \\\"/tmp/hub-isaac-sim-4DFC4E3D.config.json\\\"\")"
2026-07-01T15:01:28Z [5,278ms] [Warning] [carb.omniclient.plugin]  86: OmniHub: ThreadId(02) Hub encountered error. Trying to reconnect to Hub. retry_reason="Hub failed to launch: Io(\"child exited with exit status: 1 without writing file \\\"/tmp/hub-isaac-sim-4DFC4E3D.config.json\\\"\")"
2026-07-01T15:01:29Z [5,600ms] [Warning] [carb.omniclient.plugin]  86: OmniHub: ThreadId(02) Hub encountered error. Trying to reconnect to Hub. retry_reason="Hub failed to launch: Io(\"child exited with exit status: 1 without writing file \\\"/tmp/hub-isaac-sim-4DFC4E3D.config.json\\\"\")"
2026-07-01T15:01:29Z [5,933ms] [Warning] [carb.omniclient.plugin]  86: OmniHub: ThreadId(02) Hub encountered error. Trying to reconnect to Hub. retry_reason="Hub failed to launch: Io(\"child exited with exit status: 1 without writing file \\\"/tmp/hub-isaac-sim-4DFC4E3D.config.json\\\"\")"
2026-07-01T15:01:29Z [6,274ms] [Warning] [carb.omniclient.plugin]  86: OmniHub: ThreadId(02) Hub encountered error. Trying to reconnect to Hub. retry_reason="Hub failed to launch: Io(\"child exited with exit status: 1 without writing file \\\"/tmp/hub-isaac-sim-4DFC4E3D.config.json\\\"\")"
2026-07-01T15:01:30Z [6,625ms] [Warning] [carb.omniclient.plugin]  86: OmniHub: ThreadId(02) Hub encountered error. Trying to reconnect to Hub. retry_reason="Hub failed to launch: Io(\"child exited with exit status: 1 without writing file \\\"/tmp/hub-isaac-sim-4DFC4E3D.config.json\\\"\")"
2026-07-01T15:01:30Z [6,986ms] [Warning] [carb.omniclient.plugin]  86: OmniHub: ThreadId(02) Hub encountered error. Trying to reconnect to Hub. retry_reason="Hub failed to launch: Io(\"child exited with exit status: 1 without writing file \\\"/tmp/hub-isaac-sim-4DFC4E3D.config.json\\\"\")"
2026-07-01T15:01:30Z [7,357ms] [Warning] [carb.omniclient.plugin]  86: OmniHub: ThreadId(02) Hub encountered error. Trying to reconnect to Hub. retry_reason="Hub failed to launch: Io(\"child exited with exit status: 1 without writing file \\\"/tmp/hub-isaac-sim-4DFC4E3D.config.json\\\"\")"
2026-07-01T15:01:31Z [7,738ms] [Warning] [carb.omniclient.plugin]  86: OmniHub: ThreadId(02) Hub encountered error. Trying to reconnect to Hub. retry_reason="Hub failed to launch: Io(\"child exited with exit status: 1 without writing file \\\"/tmp/hub-isaac-sim-4DFC4E3D.config.json\\\"\")"
2026-07-01T15:01:31Z [8,129ms] [Warning] [carb.omniclient.plugin]  86: OmniHub: ThreadId(02) Hub encountered error. Trying to reconnect to Hub. retry_reason="Hub failed to launch: Io(\"child exited with exit status: 1 without writing file \\\"/tmp/hub-isaac-sim-4DFC4E3D.config.json\\\"\")"
2026-07-01T15:01:32Z [8,531ms] [Warning] [carb.omniclient.plugin]  86: OmniHub: ThreadId(02) Hub encountered error. Trying to reconnect to Hub. retry_reason="Hub failed to launch: Io(\"child exited with exit status: 1 without writing file \\\"/tmp/hub-isaac-sim-4DFC4E3D.config.json\\\"\")"
2026-07-01T15:01:32Z [8,942ms] [Warning] [carb.omniclient.plugin]  86: OmniHub: ThreadId(02) Hub encountered error. Trying to reconnect to Hub. retry_reason="Hub failed to launch: Io(\"child exited with exit status: 1 without writing file \\\"/tmp/hub-isaac-sim-4DFC4E3D.config.json\\\"\")"
2026-07-01T15:01:32Z [9,363ms] [Warning] [carb.omniclient.plugin]  86: OmniHub: ThreadId(02) Hub encountered error. Trying to reconnect to Hub. retry_reason="Hub failed to launch: Io(\"child exited with exit status: 1 without writing file \\\"/tmp/hub-isaac-sim-4DFC4E3D.config.json\\\"\")"
2026-07-01T15:01:33Z [9,794ms] [Warning] [carb.omniclient.plugin]  86: OmniHub: ThreadId(02) Hub encountered error. Trying to reconnect to Hub. retry_reason="Hub failed to launch: Io(\"child exited with exit status: 1 without writing file \\\"/tmp/hub-isaac-sim-4DFC4E3D.config.json\\\"\")"
2026-07-01T15:01:33Z [10,235ms] [Warning] [carb.omniclient.plugin]  86: OmniHub: ThreadId(02) Hub encountered error. Trying to reconnect to Hub. retry_reason="Hub failed to launch: Io(\"child exited with exit status: 1 without writing file \\\"/tmp/hub-isaac-sim-4DFC4E3D.config.json\\\"\")"
[10.704s] [ext: omni.protobuf.lib-1.0.0] startup
[10.705s] [ext: omni.grpc.lib-1.0.0] startup
[10.708s] [ext: omni.metrics.core-0.0.3] startup
[10.708s] [ext: omni.datastore-0.0.0] startup
[10.709s] [ext: omni.gpu_foundation.shadercache.vulkan-1.0.0] startup
[10.759s] [ext: omni.hsscclient-1.1.4] startup
[10.768s] [ext: omni.stats-1.0.1] startup
[10.777s] [ext: omni.ujitso.default-1.0.0] startup
[10.792s] [ext: omni.gpu_foundation-0.0.0] startup
[10.797s] [ext: carb.windowing.plugins-1.0.1] startup
[10.798s] [ext: omni.kit.renderer.init-1.0.1] startup
2026-07-01T15:01:34Z [10,790ms] [Warning] [omni.platforminfo.plugin] failed to open the default display.  Can't verify X Server version.

|---------------------------------------------------------------------------------------------|
| Driver Version: 580.173.02    | Graphics API: Vulkan
|=============================================================================================|
| GPU | Name                             | Active | LDA | GPU Memory | Vendor-ID | LUID       |
|     |                                  |        |     |            | Device-ID | UUID       |
|     |                                  |        |     |            | Bus-ID    |            |
|---------------------------------------------------------------------------------------------|
| 0   | NVIDIA GB10                      | Yes: 0 |     | 93457   MB | 10de      | 0          |
|     |                                  |        |     |            | 2e12      | eb821842.. |
|     |                                  |        |     |            | 1         |            |
|=============================================================================================|
| OS: 24.04.3 LTS (Noble Numbat) ubuntu, Version: 24.04.3, Kernel: 6.17.0-1026-nvidia
| Processor: Cortex-A725
| Cores: 20 | Logical Cores: 20
|---------------------------------------------------------------------------------------------|
| Total Memory (MB): 124609 | Free Memory: 107790
| Total Page/Swap (MB): 0 | Free Page/Swap: 0
|---------------------------------------------------------------------------------------------|
[11.789s] [ext: omni.kit.pipapi-0.0.0] startup
[11.815s] [ext: omni.kit.pip_archive-0.0.0] startup
[11.827s] [ext: isaacsim.pip.newton-0.6.1] startup
[11.839s] [ext: omni.pip.compute-1.9.2] startup
[11.851s] [ext: omni.isaac.core_archive-5.3.1] startup
[11.863s] [ext: omni.kit.telemetry-0.5.2] startup
[11.912s] [ext: omni.kit.loop-isaac-1.6.0] startup
[11.928s] [ext: omni.kit.test-2.0.7] startup
[12.196s] [ext: omni.materialx.libs-1.0.9] startup
[12.210s] [ext: omni.gpucompute.plugins-0.0.0] startup
[12.210s] [ext: omni.usd.config-1.0.7] startup
[12.224s] [ext: omni.usd.libs-1.0.3] startup
[12.274s] [ext: omni.iray.libs-0.0.1] startup
[12.277s] [ext: omni.mdl-57.0.3] startup
[12.546s] [ext: omni.mdl.neuraylib-0.2.20] startup
[12.567s] [ext: omni.kit.usd.mdl-1.1.9] startup
[12.722s] [ext: omni.appwindow-1.2.2] startup
[12.734s] [ext: omni.kit.renderer.core-1.2.2] startup
2026-07-01T15:01:36Z [12,861ms] [Warning] [carb.windowing-glfw.plugin] GLFW initialization failed.
2026-07-01T15:01:36Z [12,861ms] [Warning] [carb] Failed to startup plugin carb.windowing-glfw.plugin (interfaces: [carb::windowing::IGLContext v1.0],[carb::windowing::IWindowing v1.5]) (impl: carb.windowing-glfw.plugin)
[12.915s] [ext: omni.kit.renderer.capture-2.0.1] startup
[12.938s] [ext: omni.kit.renderer.imgui-2.0.6] startup
2026-07-01T15:01:36Z [12,924ms] [Warning] [carb.windowing-glfw.plugin] GLFW initialization failed.
2026-07-01T15:01:36Z [12,924ms] [Warning] [carb] Failed to startup plugin carb.windowing-glfw.plugin (interfaces: [carb::windowing::IGLContext v1.0],[carb::windowing::IWindowing v1.5]) (impl: carb.windowing-glfw.plugin)
2026-07-01T15:01:36Z [12,924ms] [Warning] [carb.windowing-glfw.plugin] GLFW initialization failed.
2026-07-01T15:01:36Z [12,924ms] [Warning] [carb] Failed to startup plugin carb.windowing-glfw.plugin (interfaces: [carb::windowing::IGLContext v1.0],[carb::windowing::IWindowing v1.5]) (impl: carb.windowing-glfw.plugin)
[12.993s] [ext: omni.ui-3.2.0] startup
[13.023s] [ext: omni.kit.mainwindow-1.0.3] startup
[13.042s] [ext: carb.audio-0.1.0] startup
[13.045s] [ext: omni.uiaudio-1.0.0] startup
[13.058s] [ext: omni.kit.uiapp-0.0.0] startup
[13.059s] [ext: omni.usd.schema.metrics.assembler-110.1.0] startup
[13.081s] [ext: omni.usd.schema.audio-0.0.1] startup
[13.100s] [ext: omni.usd_resolver-1.0.0] startup
[13.117s] [ext: omni.usd.core-1.8.3] startup
[13.121s] [ext: omni.metropolis.schema-0.0.3] startup
[13.134s] [ext: isaacsim.anim.robot.schema-0.1.1] startup
[13.151s] [ext: omni.usd.schema.anim-0.0.1] startup
[13.205s] [ext: omni.usd.schema.geospatial-0.0.1] startup
[13.223s] [ext: omni.usd.schema.omnigraph-1.0.1] startup
[13.247s] [ext: omni.usd.schema.semantics-0.0.0] startup
[13.264s] [ext: omni.activity.core-1.0.3] startup
[13.277s] [ext: omni.cubric-0.1.0] startup
[13.277s] [ext: omni.graph.exec-0.9.6] startup
[13.277s] [ext: omni.hydra.scene_delegate-0.3.5] startup
[13.279s] [ext: usdrt.scenegraph-7.6.3] startup
[13.358s] [ext: omni.hydra.usdrt_delegate-7.5.2] startup
[13.374s] [ext: omni.inspect-1.0.2] startup
[13.386s] [ext: omni.kit.actions.core-1.0.0] startup
[13.404s] [ext: omni.kit.audiodeviceenum-1.0.2] startup
[13.418s] [ext: omni.kit.commands-1.5.0] startup
[13.445s] [ext: omni.kit.exec.core-0.13.5] startup
[13.468s] [ext: omni.kit.usd_undo-0.1.8] startup
[13.480s] [ext: omni.kit.window.popup_dialog-2.0.25] startup
[13.501s] [ext: omni.kit.widget.nucleus_connector-2.3.1] startup
[13.527s] [ext: omni.timeline-1.1.0] startup
[13.537s] [ext: omni.usd-1.16.0] startup
[13.649s] [ext: omni.graph.core-3.1.2] startup
[13.651s] [ext: omni.kit.notification_manager-1.0.11] startup
[13.667s] [ext: isaacsim.core.deprecation_manager-0.4.2] startup
[13.680s] [ext: isaacsim.replicator.agent.schema-0.1.1] startup
[13.695s] [ext: isaacsim.robot.schema-6.3.7] startup
[13.742s] [ext: isaacsim.robot_motion.schema-0.2.1] startup
[13.757s] [ext: omni.anim.behavior.schema-110.1.0] startup
[13.777s] [ext: omni.anim.graph.schema-110.1.1] startup
[13.799s] [ext: omni.anim.navigation.schema-110.1.0] startup
[13.818s] [ext: omni.behavior.tree.schema-110.1.0] startup
[13.834s] [ext: omni.isaac.ml_archive-3.3.0] startup
[13.848s] [ext: omni.kit.asset_converter-6.0.1] startup
[13.877s] [ext: omni.pip.cloud-1.5.4] startup
[13.900s] [ext: omni.usd.schema.flow-110.0.0] startup
[13.913s] [ext: omni.usd.schema.mujoco-1.1.1] startup
[13.925s] [ext: omni.usd.schema.newton-1.2.1] startup
[13.941s] [ext: omni.usd.schema.omni_lens_distortion-1.0.0] startup
[13.956s] [ext: omni.usd.schema.omni_projectors-1.0.0] startup
[13.968s] [ext: omni.usd.schema.omni_sensors-0.0.0] startup
[13.996s] [ext: omni.usd.schema.omniscripting-1.0.1] startup
[14.016s] [ext: omni.usd.schema.physical_lighting-0.1.0] startup
[14.037s] [ext: omni.usd.schema.physx-110.1.13] startup
[14.095s] [ext: omni.usd.schema.render_settings.rtx-1.0.2] startup
[14.118s] [ext: omni.usd.schema.usd_particle_field-1.0.0] startup
[14.131s] [ext: isaacsim.core.version-2.1.1] startup
[14.148s] [ext: omni.kit.menu.core-1.2.0] startup
[14.168s] [ext: omni.kit.menu.utils-2.2.4] startup
[14.235s] [ext: isaacsim.app.about-2.3.1] startup
[14.256s] [ext: isaacsim.asset.transformer-1.2.5] startup
[14.281s] [ext: omni.scene.optimizer.core-110.1.0] startup
[14.379s] [ext: isaacsim.asset.importer.utils-1.8.1] startup
[14.406s] [ext: omni.convexdecomposition-110.1.13] startup
[14.421s] [ext: omni.physics-110.1.13] startup
[14.442s] [ext: omni.physx.gpu-110.1.13] startup
[14.442s] [ext: omni.physx.foundation-110.1.13] startup
[14.456s] [ext: omni.usdphysics-110.1.13] startup
[14.469s] [ext: omni.physx.cooking-110.1.13] startup
[14.482s] [ext: omni.physx-110.1.13] startup
[14.510s] [ext: omni.physics.physx-110.1.13] startup
[14.523s] [ext: isaacsim.asset.exporter.urdf-2.0.5] startup
[14.562s] [ext: omni.kit.clipboard-1.1.1] startup
[14.575s] [ext: omni.kit.usd.layers-2.6.1] startup
[14.634s] [ext: omni.kit.widget.context_menu-1.4.0] startup
[14.657s] [ext: omni.kit.context_menu-1.9.0] startup
[14.683s] [ext: omni.kit.helper.file_utils-0.1.10] startup
[14.704s] [ext: omni.kit.widget.nucleus_info-2.0.2] startup
[14.721s] [ext: omni.kit.search_core-1.0.8] startup
[14.736s] [ext: omni.kit.widget.path_field-2.0.13] startup
[14.756s] [ext: omni.kit.widget.browser_bar-2.0.10] startup
[14.775s] [ext: omni.kit.widget.filebrowser-2.13.4] startup
[14.830s] [ext: omni.kit.widget.options_menu-1.1.6] startup
[14.859s] [ext: omni.kit.widget.options_button-1.0.3] startup
[14.878s] [ext: omni.kit.widget.search_delegate-1.0.9] startup
[14.898s] [ext: omni.ui.scene-2.0.3] startup
[14.916s] [ext: omni.kit.window.filepicker-2.15.5] startup
[15.004s] [ext: omni.kit.window.file_importer-1.1.21] startup
[15.024s] [ext: omni.kit.material.library-3.1.2] startup
[15.059s] [ext: isaacsim.asset.transformer.rules-1.7.10] startup
[15.139s] [ext: omni.usdex.libs-2.2.2] startup
[15.161s] [ext: isaacsim.asset.importer.mjcf-3.10.1] startup
[15.184s] [ext: isaacsim.asset.importer.urdf-3.11.2] startup
[15.213s] [ext: omni.kit.primitive.mesh-1.1.0] startup
[15.240s] [ext: omni.kit.stage_template.core-1.1.22] startup
[15.256s] [ext: omni.kit.stage_templates-2.0.2] startup
[15.279s] [ext: omni.usd.metrics.assembler-110.1.2] startup
[15.302s] [ext: omni.warp.core-1.13.0] startup
[15.633s] [ext: isaacsim.core.experimental.utils-0.17.2] startup
[15.661s] [ext: omni.physics.stageupdate-110.1.13] startup
[15.679s] [ext: omni.physics.tensors-110.1.13] startup
[15.716s] [ext: omni.physx.tensors-110.1.13] startup
[15.723s] [ext: isaacsim.core.simulation_manager-1.15.6] startup
[15.768s] [ext: isaacsim.storage.native-1.9.3] startup
[15.791s] [ext: omni.usd.metrics.assembler.physics-110.1.13] startup
[15.813s] [ext: isaacsim.core.utils-4.1.7] startup
[15.838s] [ext: isaacsim.core.prims-0.11.7] startup
[18.394s] [ext: isaacsim.core.api-5.2.13] startup
[18.475s] [ext: isaacsim.core.cloner-1.7.3] startup
[18.493s] [ext: isaacsim.test.docstring-1.3.2] startup
[18.526s] [ext: isaacsim.core.experimental.prims-1.8.9] startup
[18.598s] [ext: isaacsim.core.experimental.primdata-0.3.2] startup
[18.603s] [ext: omni.graph.tools-1.81.0] startup
[18.731s] [ext: omni.graph-1.142.5] startup
[18.841s] [ext: isaacsim.core.experimental.actuators-0.1.2] startup
[18.901s] [ext: isaacsim.core.experimental.materials-0.7.1] startup
[18.939s] [ext: isaacsim.core.experimental.objects-0.8.1] startup
[19.192s] [ext: omni.hydra.engine.stats-1.0.5] startup
[19.211s] [ext: omni.hydra.rtx.shadercache.vulkan-1.0.0] startup
[19.230s] [ext: omni.index.libs-387500.4413.0] startup
[19.230s] [ext: omni.index-1.0.1] startup
[19.231s] [ext: omni.ujitso.client-0.0.0] startup
[19.231s] [ext: omni.usd.schema.playback-1.0.0] startup
[19.250s] [ext: omni.volume-0.5.2] startup
[19.264s] [ext: omni.hydra.rtx-1.0.4] startup
2026-07-01T15:01:42Z [19,265ms] [Warning] [omni.log] Source: omni.hydra was already registered.
[19.298s] [ext: omni.kit.hydra_texture-1.6.0] startup
[19.318s] [ext: omni.kit.raycast.query-1.2.0] startup
[19.338s] [ext: omni.kit.viewport.legacy_gizmos-1.0.24] startup
[19.354s] [ext: omni.kit.viewport.registry-104.0.6] startup
[19.370s] [ext: omni.kit.viewport.scene_camera_model-1.0.7] startup
[19.386s] [ext: omni.kit.widget.viewport-109.2.0] startup
[19.423s] [ext: omni.kit.window.drop_support-1.0.8] startup
[19.439s] [ext: omni.kit.viewport.window-109.0.2] startup
[19.538s] [ext: omni.kit.viewport.utility-2.0.1] startup
[19.559s] [ext: isaacsim.core.rendering_manager-0.4.3] startup
[19.619s] [ext: omni.graph.action_core-1.1.9] startup
[19.637s] [ext: omni.graph.action_nodes_core-2.11.0] startup
[19.655s] [ext: omni.graph.action_nodes-2.11.0] startup
[19.774s] [ext: omni.graph.action-2.10.2] startup
[19.789s] [ext: omni.graph.image.core-0.6.1] startup
[19.790s] [ext: omni.graph.image.nodes-1.3.1] startup
[19.792s] [ext: omni.graph.nodes_core-2.11.0] startup
[19.816s] [ext: omni.graph.nodes-2.12.0] startup
[19.835s] [ext: omni.kit.hotkeys.core-1.3.12] startup
[19.836s] [ext: omni.kit.property.adapter.core-1.1.1] startup
[19.861s] [ext: omni.kit.property.adapter.usd-1.0.5] startup
[19.883s] [ext: omni.kit.widget.filter-1.1.5] startup
[19.900s] [ext: omni.kit.widget.highlight_label-1.0.3] startup
[19.916s] [ext: omni.kit.widget.searchfield-1.1.8] startup
[19.935s] [ext: omni.kit.window.file_exporter-1.0.36] startup
[19.953s] [ext: omni.kit.widget.stage-4.4.0] startup
[20.008s] [ext: omni.kit.window.content_browser_registry-0.0.6] startup
[20.027s] [ext: omni.kit.window.file-2.0.10] startup
[20.064s] [ext: omni.kit.window.content_browser-3.1.8] startup
[20.094s] [ext: omni.kit.window.property-1.15.1] startup
[20.171s] [ext: omni.kit.property.usd-4.9.4] startup
[20.241s] [ext: omni.graph.scriptnode-2.10.2] startup
[20.281s] [ext: omni.kit.widget.searchable_combobox-1.0.7] startup
[20.302s] [ext: omni.kit.widget.settings-2.0.0] startup
[20.333s] [ext: omni.kit.window.preferences-1.8.3] startup
[20.393s] [ext: omni.kit.viewport.menubar.core-107.2.2] startup
[20.487s] [ext: omni.syntheticdata-0.6.15] startup
[20.565s] [ext: omni.replicator.nv-1.1.1] startup
[20.582s] [ext: omni.videoencoding-0.2.1] startup
[20.593s] [ext: omni.replicator.core-1.13.27] startup
2026-07-01T15:01:44Z [20,658ms] [Warning] [pxr.Semantics] pxr.Semantics is deprecated - please use Semantics instead
2026-07-01T15:01:44Z [20,821ms] [Warning] [omni.replicator.core.scripts.extension] No material configuration file, adding configuration to material settings directly.
[21.232s] [ext: isaacsim.core.nodes-5.10.5] startup
[21.330s] [ext: isaacsim.core.throttling-2.3.5] startup
[21.349s] [ext: omni.kit.manipulator.viewport-107.0.1] startup
[21.366s] [ext: omni.graph.visualization.nodes-2.1.4] startup
[21.437s] [ext: omni.kit.window.extensions-1.5.10] startup
[21.480s] [ext: isaacsim.gui.components-1.8.5] startup
[21.520s] [ext: isaacsim.robot.surface_gripper-3.6.2] startup
[21.572s] [ext: isaacsim.robot.manipulators-3.4.4] startup
[21.625s] [ext: isaacsim.robot_motion.lula-4.1.3] startup
[21.647s] [ext: isaacsim.robot_motion.motion_generation-8.2.9] startup
[21.704s] [ext: isaacsim.cortex.framework-1.0.18] startup
[21.719s] [ext: isaacsim.cortex.behaviors-2.0.17] startup
[21.734s] [ext: isaacsim.examples.base-1.3.2] startup
[21.756s] [ext: omni.kit.widget.zoombar-1.0.7] startup
[21.775s] [ext: omni.kit.browser.core-2.3.18] startup
[21.825s] [ext: omni.kit.browser.folder.core-2.0.2] startup
[21.886s] [ext: omni.kit.widget.stage_icons-1.0.8] startup
[21.904s] [ext: omni.kit.window.stage-2.6.1] startup
[21.930s] [ext: omni.kit.menu.stage-1.2.7] startup
[21.950s] [ext: omni.kit.usd.collect-3.0.6] startup
[21.987s] [ext: omni.kit.widget.prompt-1.0.7] startup
[22.006s] [ext: omni.kit.tool.collect-2.2.19] startup
[22.029s] [ext: isaacsim.examples.browser-0.3.2] startup
[22.047s] [ext: omni.kit.search.files-1.0.4] startup
[22.063s] [ext: omni.kit.widget.calendar-1.0.9] startup
[22.086s] [ext: omni.kit.widget.extended_searchfield-1.0.31] startup
[22.147s] [ext: omni.simready.content.browser-0.3.7] startup
[22.564s] [ext: isaacsim.gui.content_browser-0.4.3] startup
[22.586s] [ext: omni.kit.selection-0.1.6] startup
[22.600s] [ext: isaacsim.gui.menu-2.10.5] startup
[22.641s] [ext: isaacsim.gui.property-1.6.4] startup
[22.682s] [ext: omni.kit.viewport.actions-110.0.0] startup
[22.703s] [ext: omni.kit.viewport.menubar.display-107.1.3] startup
[22.724s] [ext: isaacsim.gui.sensors.icon-2.2.1] startup
[22.750s] [ext: omni.behavior.scripting.core-110.1.0] startup
[22.781s] [ext: isaacsim.replicator.behavior-1.5.4] startup
[22.794s] [ext: isaacsim.replicator.experimental.domain_randomization-1.2.5] startup
[22.861s] [ext: isaacsim.replicator.domain_randomization-1.2.2] startup
[22.950s] [ext: isaacsim.replicator.writers-1.5.4] startup
[23.066s] [ext: isaacsim.robot.experimental.wheeled_robots-0.2.11] startup
[23.160s] [ext: isaacsim.robot.policy.examples-5.2.12] startup
[23.249s] [ext: isaacsim.robot.wheeled_robots-5.2.4] startup
[23.277s] [ext: isaacsim.robot.wheeled_robots.nodes-0.1.5] startup
[23.362s] [ext: isaacsim.robot_motion.experimental.motion_generation-6.1.3] startup
[23.416s] [ext: isaacsim.robot_motion.cumotion-1.3.1] startup
[23.488s] [ext: omni.kit.numpy.common-0.1.3] startup
[23.505s] [ext: isaacsim.sensors.camera-1.7.9] startup
[23.560s] [ext: isaacsim.sensors.experimental.physics-3.0.2] startup
[23.595s] [ext: omni.sensors.net-1.0.1] startup
[23.609s] [ext: omni.sensors.nv.common-3.0.0] startup
[23.633s] [ext: omni.sensors.nv.materials-2.0.0] startup
[23.650s] [ext: omni.sensors.nv.acoustic-3.0.0] startup
[23.653s] [ext: omni.sensors.nv.ids-2.0.1] startup
[23.654s] [ext: omni.sensors.nv.lidar-3.0.0] startup
[23.673s] [ext: omni.sensors.nv.radar-3.0.0] startup
[23.675s] [ext: isaacsim.sensors.experimental.rtx-1.4.6] startup
[24.154s] [ext: isaacsim.sensors.physics.nodes-1.5.3] startup
[24.183s] [ext: isaacsim.util.debug_draw-3.2.3] startup
[24.207s] [ext: isaacsim.sensors.physx-2.5.5] startup
[24.236s] [ext: isaacsim.sensors.rtx-15.17.1] startup
[24.287s] [ext: isaacsim.simulation_app-2.18.4] startup
[24.288s] [ext: omni.anim.curve.core-1.6.0] startup
[24.345s] [ext: omni.graph.ui_nodes-2.11.1] startup
[24.558s] [ext: omni.hydra.scene_api-0.1.3] startup
[24.575s] [ext: omni.kit.manipulator.camera-110.0.0] startup
[24.606s] [ext: omni.kit.manipulator.selector-1.1.4] startup
[24.624s] [ext: omni.kit.manipulator.transform-107.0.0] startup
[24.654s] [ext: omni.kit.widget.toolbar-2.1.0] startup
[24.688s] [ext: omni.kit.manipulator.tool.snap-1.5.14] startup
[24.714s] [ext: omni.kit.viewport.manipulator.transform-107.0.4] startup
[24.735s] [ext: omni.kit.manipulator.prim.core-108.0.2] startup
[24.770s] [ext: omni.kit.manipulator.prim.usd-107.0.3] startup
[24.791s] [ext: omni.kit.manipulator.prim-108.0.0] startup
[24.791s] [ext: omni.kit.manipulator.selection-109.0.1] startup
[24.812s] [ext: omni.kit.menu.create-2.0.2] startup
[24.833s] [ext: omni.kit.property.audio-1.0.16] startup
[24.864s] [ext: omni.kit.property.camera-1.0.14] startup
[24.887s] [ext: omni.kit.property.geometry-2.1.2] startup
[24.920s] [ext: omni.kit.property.light-1.0.14] startup
2026-07-01T15:01:48Z [25,005ms] [Warning] [omni.usd] Encountered USD Warnings but USD Diagnostics are currently muted. To view USD Warnings, please set the '/persistent/app/usd/muteUsdDiagnostics' setting to false in Preferences page.
[25.030s] [ext: omni.kit.property.material-1.14.6] startup
[25.083s] [ext: omni.kit.property.render-1.2.2] startup
[25.099s] [ext: omni.kit.property.transform-1.6.9] startup
[25.155s] [ext: omni.kit.property.bundle-1.5.1] startup
[25.176s] [ext: omni.kit.usdz_export-1.1.0] startup
[25.198s] [ext: omni.kit.tool.asset_importer-6.0.1] startup
[25.252s] [ext: omni.kit.ui.actions-1.0.5] startup
[25.272s] [ext: omni.kit.viewport.menubar.camera-107.0.10] startup
[25.320s] [ext: omni.kit.viewport.menubar.lighting-107.3.2] startup
[25.347s] [ext: omni.kit.viewport.menubar.render-110.0.0] startup
[25.375s] [ext: omni.kit.viewport.menubar.settings-110.0.1] startup
[25.416s] [ext: omni.kit.window.console-1.1.9] startup
[25.441s] [ext: omni.kit.window.status_bar-0.1.11] startup
[25.458s] [ext: omni.kit.window.toolbar-3.0.3] startup
[25.478s] [ext: omni.ocio-0.1.1] startup
[25.488s] [ext: omni.physx.commands-110.1.13] startup
[25.512s] [ext: omni.replicator.replicator_yaml-2.0.12] startup
[25.560s] [ext: omni.rtx.window.settings-0.8.0] startup
[25.586s] [ext: omni.rtx.settings.core-0.7.1] startup
[25.618s] [ext: omni.usd.metrics.assembler.ui-110.1.1] startup
[25.655s] [ext: semantics.schema.editor-2.0.2] startup
[25.677s] [ext: semantics.schema.property-2.0.2] startup
[25.692s] [ext: omni.kit.menu.common-2.0.2] startup
[25.708s] [ext: isaacsim.exp.base-6.0.1] startup
[25.708s] [ext: isaacsim.exp.base.python-6.0.1] startup
[25.711s] Simulation App Starting
[169.412s] Simulation App Startup Complete
[169.422s] app ready
Starting kit application with the following args:  ['/isaac-sim/exts/isaacsim.simulation_app/isaacsim/simulation_app/simulation_app.py', '/isaac-sim/apps/isaacsim.exp.base.python.kit', '--/app/tokens/exe-path=/isaac-sim/kit', '--/persistent/app/viewport/displayOptions=3094', '--/rtx/materialDb/syncLoads=True', '--/rtx/hydra/materialSyncLoads=True', '--/omni/kit/plugin/syncUsdLoads=True', '--/app/renderer/resolution/width=1280', '--/app/renderer/resolution/height=720', '--/app/window/width=1440', '--/app/window/height=900', '--/renderer/multiGpu/enabled=True', '--/app/fastShutdown=True', '--/app/installSignalHandlers=0', '--ext-folder', '/isaac-sim/exts', '--ext-folder', '/isaac-sim/apps', '--/physics/cudaDevice=0', '--/plugins/carb.tasking.plugin/threadCount=20', '--/plugins/omni.tbb.globalcontrol/maxThreadCount=20', '--portable', '--no-window', '--/app/window/hideUi=1']
Passing the following args to the base kit application:  []
Warp 1.13.0 initialized:
   CUDA Toolkit 12.9, Driver 13.0
   Devices:
     "cpu"      : "aarch64"
     "cuda:0"   : "NVIDIA GB10" (122 GiB, sm_121, mempool enabled)
   Kernel cache:
     /isaac-sim/.cache/warp/1.13.0
ASSET: https://omniverse-content-production.s3-us-west-2.amazonaws.com/Assets/Isaac/6.0/Isaac/Props/Forklift/forklift.usd

=== ARTICULATION ROOTS ===
  (count: 0 )

=== JOINTS ===
  (count: 0 )

=== RIGID BODIES ===
  (count: 0 )

=== PRIMS WITH DRIVE ===

=== TOP-LEVEL HIERARCHY (depth<=3) ===
F  [Xform]
  S_ForkliftBody  [Mesh]
    subset  [GeomSubset]
  S_ForkliftFork  [Xform]
    S_ForkliftFork  [Mesh]
      subset  [GeomSubset]
    collision_box  [Mesh]
    Materials  [Scope]
      OmniPBR  [Material]
  Materials  [Scope]
    OmniPBR  [Material]
      Shader  [Shader]
[176.213s] Simulation App Shutting Down
