2026-07-01T15:08:33Z [Info] [carb] Logging to file: /isaac-sim/kit/logs/Kit/Isaac-Sim Python/6.0/kit_20260701_150833.log
[0.040s] [ext: omni.assets.plugins-0.0.0] startup
[0.041s] [ext: omni.blobkey-1.1.2] startup
[0.041s] [ext: omni.kit.async_engine-0.0.3] startup
[0.435s] [ext: omni.client.lib-1.1.1] startup
[0.466s] [ext: omni.client-1.3.0] startup
2026-07-01T15:08:33Z [506ms] [Warning] [carb.omniclient.plugin]  83: OmniHub: ThreadId(02) Hub encountered error. Trying to reconnect to Hub. retry_reason="Hub failed to launch: Io(\"child exited with exit status: 1 without writing file \\\"/tmp/hub-isaac-sim-B519B683.config.json\\\"\")"
2026-07-01T15:08:33Z [578ms] [Warning] [carb.omniclient.plugin]  83: OmniHub: ThreadId(02) Hub encountered error. Trying to reconnect to Hub. retry_reason="Hub failed to launch: Io(\"child exited with exit status: 1 without writing file \\\"/tmp/hub-isaac-sim-B519B683.config.json\\\"\")"
2026-07-01T15:08:33Z [659ms] [Warning] [carb.omniclient.plugin]  83: OmniHub: ThreadId(02) Hub encountered error. Trying to reconnect to Hub. retry_reason="Hub failed to launch: Io(\"child exited with exit status: 1 without writing file \\\"/tmp/hub-isaac-sim-B519B683.config.json\\\"\")"
2026-07-01T15:08:34Z [751ms] [Warning] [carb.omniclient.plugin]  83: OmniHub: ThreadId(02) Hub encountered error. Trying to reconnect to Hub. retry_reason="Hub failed to launch: Io(\"child exited with exit status: 1 without writing file \\\"/tmp/hub-isaac-sim-B519B683.config.json\\\"\")"
2026-07-01T15:08:34Z [853ms] [Warning] [carb.omniclient.plugin]  83: OmniHub: ThreadId(02) Hub encountered error. Trying to reconnect to Hub. retry_reason="Hub failed to launch: Io(\"child exited with exit status: 1 without writing file \\\"/tmp/hub-isaac-sim-B519B683.config.json\\\"\")"
2026-07-01T15:08:34Z [964ms] [Warning] [carb.omniclient.plugin]  83: OmniHub: ThreadId(02) Hub encountered error. Trying to reconnect to Hub. retry_reason="Hub failed to launch: Io(\"child exited with exit status: 1 without writing file \\\"/tmp/hub-isaac-sim-B519B683.config.json\\\"\")"
2026-07-01T15:08:34Z [1,086ms] [Warning] [carb.omniclient.plugin]  83: OmniHub: ThreadId(02) Hub encountered error. Trying to reconnect to Hub. retry_reason="Hub failed to launch: Io(\"child exited with exit status: 1 without writing file \\\"/tmp/hub-isaac-sim-B519B683.config.json\\\"\")"
2026-07-01T15:08:34Z [1,218ms] [Warning] [carb.omniclient.plugin]  83: OmniHub: ThreadId(02) Hub encountered error. Trying to reconnect to Hub. retry_reason="Hub failed to launch: Io(\"child exited with exit status: 1 without writing file \\\"/tmp/hub-isaac-sim-B519B683.config.json\\\"\")"
2026-07-01T15:08:34Z [1,360ms] [Warning] [carb.omniclient.plugin]  83: OmniHub: ThreadId(02) Hub encountered error. Trying to reconnect to Hub. retry_reason="Hub failed to launch: Io(\"child exited with exit status: 1 without writing file \\\"/tmp/hub-isaac-sim-B519B683.config.json\\\"\")"
2026-07-01T15:08:34Z [1,511ms] [Warning] [carb.omniclient.plugin]  83: OmniHub: ThreadId(02) Hub encountered error. Trying to reconnect to Hub. retry_reason="Hub failed to launch: Io(\"child exited with exit status: 1 without writing file \\\"/tmp/hub-isaac-sim-B519B683.config.json\\\"\")"
2026-07-01T15:08:34Z [1,673ms] [Warning] [carb.omniclient.plugin]  83: OmniHub: ThreadId(02) Hub encountered error. Trying to reconnect to Hub. retry_reason="Hub failed to launch: Io(\"child exited with exit status: 1 without writing file \\\"/tmp/hub-isaac-sim-B519B683.config.json\\\"\")"
2026-07-01T15:08:35Z [1,845ms] [Warning] [carb.omniclient.plugin]  83: OmniHub: ThreadId(02) Hub encountered error. Trying to reconnect to Hub. retry_reason="Hub failed to launch: Io(\"child exited with exit status: 1 without writing file \\\"/tmp/hub-isaac-sim-B519B683.config.json\\\"\")"
2026-07-01T15:08:35Z [2,027ms] [Warning] [carb.omniclient.plugin]  83: OmniHub: ThreadId(02) Hub encountered error. Trying to reconnect to Hub. retry_reason="Hub failed to launch: Io(\"child exited with exit status: 1 without writing file \\\"/tmp/hub-isaac-sim-B519B683.config.json\\\"\")"
2026-07-01T15:08:35Z [2,218ms] [Warning] [carb.omniclient.plugin]  83: OmniHub: ThreadId(02) Hub encountered error. Trying to reconnect to Hub. retry_reason="Hub failed to launch: Io(\"child exited with exit status: 1 without writing file \\\"/tmp/hub-isaac-sim-B519B683.config.json\\\"\")"
2026-07-01T15:08:35Z [2,420ms] [Warning] [carb.omniclient.plugin]  83: OmniHub: ThreadId(02) Hub encountered error. Trying to reconnect to Hub. retry_reason="Hub failed to launch: Io(\"child exited with exit status: 1 without writing file \\\"/tmp/hub-isaac-sim-B519B683.config.json\\\"\")"
2026-07-01T15:08:35Z [2,632ms] [Warning] [carb.omniclient.plugin]  83: OmniHub: ThreadId(02) Hub encountered error. Trying to reconnect to Hub. retry_reason="Hub failed to launch: Io(\"child exited with exit status: 1 without writing file \\\"/tmp/hub-isaac-sim-B519B683.config.json\\\"\")"
2026-07-01T15:08:36Z [2,854ms] [Warning] [carb.omniclient.plugin]  83: OmniHub: ThreadId(02) Hub encountered error. Trying to reconnect to Hub. retry_reason="Hub failed to launch: Io(\"child exited with exit status: 1 without writing file \\\"/tmp/hub-isaac-sim-B519B683.config.json\\\"\")"
2026-07-01T15:08:36Z [3,086ms] [Warning] [carb.omniclient.plugin]  83: OmniHub: ThreadId(02) Hub encountered error. Trying to reconnect to Hub. retry_reason="Hub failed to launch: Io(\"child exited with exit status: 1 without writing file \\\"/tmp/hub-isaac-sim-B519B683.config.json\\\"\")"
2026-07-01T15:08:36Z [3,327ms] [Warning] [carb.omniclient.plugin]  83: OmniHub: ThreadId(02) Hub encountered error. Trying to reconnect to Hub. retry_reason="Hub failed to launch: Io(\"child exited with exit status: 1 without writing file \\\"/tmp/hub-isaac-sim-B519B683.config.json\\\"\")"
2026-07-01T15:08:36Z [3,579ms] [Warning] [carb.omniclient.plugin]  83: OmniHub: ThreadId(02) Hub encountered error. Trying to reconnect to Hub. retry_reason="Hub failed to launch: Io(\"child exited with exit status: 1 without writing file \\\"/tmp/hub-isaac-sim-B519B683.config.json\\\"\")"
2026-07-01T15:08:37Z [3,841ms] [Warning] [carb.omniclient.plugin]  83: OmniHub: ThreadId(02) Hub encountered error. Trying to reconnect to Hub. retry_reason="Hub failed to launch: Io(\"child exited with exit status: 1 without writing file \\\"/tmp/hub-isaac-sim-B519B683.config.json\\\"\")"
2026-07-01T15:08:37Z [4,113ms] [Warning] [carb.omniclient.plugin]  83: OmniHub: ThreadId(02) Hub encountered error. Trying to reconnect to Hub. retry_reason="Hub failed to launch: Io(\"child exited with exit status: 1 without writing file \\\"/tmp/hub-isaac-sim-B519B683.config.json\\\"\")"
2026-07-01T15:08:37Z [4,395ms] [Warning] [carb.omniclient.plugin]  83: OmniHub: ThreadId(02) Hub encountered error. Trying to reconnect to Hub. retry_reason="Hub failed to launch: Io(\"child exited with exit status: 1 without writing file \\\"/tmp/hub-isaac-sim-B519B683.config.json\\\"\")"
2026-07-01T15:08:37Z [4,687ms] [Warning] [carb.omniclient.plugin]  83: OmniHub: ThreadId(02) Hub encountered error. Trying to reconnect to Hub. retry_reason="Hub failed to launch: Io(\"child exited with exit status: 1 without writing file \\\"/tmp/hub-isaac-sim-B519B683.config.json\\\"\")"
2026-07-01T15:08:38Z [4,989ms] [Warning] [carb.omniclient.plugin]  83: OmniHub: ThreadId(02) Hub encountered error. Trying to reconnect to Hub. retry_reason="Hub failed to launch: Io(\"child exited with exit status: 1 without writing file \\\"/tmp/hub-isaac-sim-B519B683.config.json\\\"\")"
2026-07-01T15:08:38Z [5,301ms] [Warning] [carb.omniclient.plugin]  83: OmniHub: ThreadId(02) Hub encountered error. Trying to reconnect to Hub. retry_reason="Hub failed to launch: Io(\"child exited with exit status: 1 without writing file \\\"/tmp/hub-isaac-sim-B519B683.config.json\\\"\")"
2026-07-01T15:08:38Z [5,623ms] [Warning] [carb.omniclient.plugin]  83: OmniHub: ThreadId(02) Hub encountered error. Trying to reconnect to Hub. retry_reason="Hub failed to launch: Io(\"child exited with exit status: 1 without writing file \\\"/tmp/hub-isaac-sim-B519B683.config.json\\\"\")"
2026-07-01T15:08:39Z [5,955ms] [Warning] [carb.omniclient.plugin]  83: OmniHub: ThreadId(02) Hub encountered error. Trying to reconnect to Hub. retry_reason="Hub failed to launch: Io(\"child exited with exit status: 1 without writing file \\\"/tmp/hub-isaac-sim-B519B683.config.json\\\"\")"
WARNING: All log messages before absl::InitializeLog() is called are written to STDERR
E0000 00:00:1782918524.021904      49 descriptor_database.cc:633] File already exists in database: grpc/health/v1/health.proto
W0000 00:00:1782918524.021933      49 message.cc:301] Protobuf GeneratedMessageFactory: File is already registered: grpc/health/v1/health.proto
2026-07-01T15:08:39Z [6,297ms] [Warning] [carb.omniclient.plugin]  83: OmniHub: ThreadId(02) Hub encountered error. Trying to reconnect to Hub. retry_reason="Hub failed to launch: Io(\"child exited with exit status: 1 without writing file \\\"/tmp/hub-isaac-sim-B519B683.config.json\\\"\")"
2026-07-01T15:08:39Z [6,649ms] [Warning] [carb.omniclient.plugin]  83: OmniHub: ThreadId(02) Hub encountered error. Trying to reconnect to Hub. retry_reason="Hub failed to launch: Io(\"child exited with exit status: 1 without writing file \\\"/tmp/hub-isaac-sim-B519B683.config.json\\\"\")"
2026-07-01T15:08:40Z [7,011ms] [Warning] [carb.omniclient.plugin]  83: OmniHub: ThreadId(02) Hub encountered error. Trying to reconnect to Hub. retry_reason="Hub failed to launch: Io(\"child exited with exit status: 1 without writing file \\\"/tmp/hub-isaac-sim-B519B683.config.json\\\"\")"
2026-07-01T15:08:40Z [7,383ms] [Warning] [carb.omniclient.plugin]  83: OmniHub: ThreadId(02) Hub encountered error. Trying to reconnect to Hub. retry_reason="Hub failed to launch: Io(\"child exited with exit status: 1 without writing file \\\"/tmp/hub-isaac-sim-B519B683.config.json\\\"\")"
2026-07-01T15:08:41Z [7,765ms] [Warning] [carb.omniclient.plugin]  83: OmniHub: ThreadId(02) Hub encountered error. Trying to reconnect to Hub. retry_reason="Hub failed to launch: Io(\"child exited with exit status: 1 without writing file \\\"/tmp/hub-isaac-sim-B519B683.config.json\\\"\")"
2026-07-01T15:08:41Z [8,157ms] [Warning] [carb.omniclient.plugin]  83: OmniHub: ThreadId(02) Hub encountered error. Trying to reconnect to Hub. retry_reason="Hub failed to launch: Io(\"child exited with exit status: 1 without writing file \\\"/tmp/hub-isaac-sim-B519B683.config.json\\\"\")"
2026-07-01T15:08:41Z [8,559ms] [Warning] [carb.omniclient.plugin]  83: OmniHub: ThreadId(02) Hub encountered error. Trying to reconnect to Hub. retry_reason="Hub failed to launch: Io(\"child exited with exit status: 1 without writing file \\\"/tmp/hub-isaac-sim-B519B683.config.json\\\"\")"
2026-07-01T15:08:42Z [8,971ms] [Warning] [carb.omniclient.plugin]  83: OmniHub: ThreadId(02) Hub encountered error. Trying to reconnect to Hub. retry_reason="Hub failed to launch: Io(\"child exited with exit status: 1 without writing file \\\"/tmp/hub-isaac-sim-B519B683.config.json\\\"\")"
2026-07-01T15:08:42Z [9,393ms] [Warning] [carb.omniclient.plugin]  83: OmniHub: ThreadId(02) Hub encountered error. Trying to reconnect to Hub. retry_reason="Hub failed to launch: Io(\"child exited with exit status: 1 without writing file \\\"/tmp/hub-isaac-sim-B519B683.config.json\\\"\")"
2026-07-01T15:08:43Z [9,825ms] [Warning] [carb.omniclient.plugin]  83: OmniHub: ThreadId(02) Hub encountered error. Trying to reconnect to Hub. retry_reason="Hub failed to launch: Io(\"child exited with exit status: 1 without writing file \\\"/tmp/hub-isaac-sim-B519B683.config.json\\\"\")"
2026-07-01T15:08:43Z [10,266ms] [Warning] [carb.omniclient.plugin]  83: OmniHub: ThreadId(02) Hub encountered error. Trying to reconnect to Hub. retry_reason="Hub failed to launch: Io(\"child exited with exit status: 1 without writing file \\\"/tmp/hub-isaac-sim-B519B683.config.json\\\"\")"
[10.734s] [ext: omni.protobuf.lib-1.0.0] startup
[10.734s] [ext: omni.grpc.lib-1.0.0] startup
[10.738s] [ext: omni.metrics.core-0.0.3] startup
[10.738s] [ext: omni.datastore-0.0.0] startup
[10.739s] [ext: omni.gpu_foundation.shadercache.vulkan-1.0.0] startup
[10.791s] [ext: omni.hsscclient-1.1.4] startup
[10.800s] [ext: omni.stats-1.0.1] startup
[10.810s] [ext: omni.ujitso.default-1.0.0] startup
[10.825s] [ext: omni.gpu_foundation-0.0.0] startup
[10.830s] [ext: carb.windowing.plugins-1.0.1] startup
[10.831s] [ext: omni.kit.renderer.init-1.0.1] startup
2026-07-01T15:08:44Z [10,826ms] [Warning] [omni.platforminfo.plugin] failed to open the default display.  Can't verify X Server version.

|---------------------------------------------------------------------------------------------|
| Driver Version: 580.173.02    | Graphics API: Vulkan
|=============================================================================================|
| GPU | Name                             | Active | LDA | GPU Memory | Vendor-ID | LUID       |
|     |                                  |        |     |            | Device-ID | UUID       |
|     |                                  |        |     |            | Bus-ID    |            |
|---------------------------------------------------------------------------------------------|
| 0   | NVIDIA GB10                      | Yes: 0 |     | 93457   MB | 10de      | 0          |
|     |                                  |        |     |            | 2e12      | eb821842.. |
|     |                                  |        |     |            | 1         |            |
|=============================================================================================|
| OS: 24.04.3 LTS (Noble Numbat) ubuntu, Version: 24.04.3, Kernel: 6.17.0-1026-nvidia
| Processor: Cortex-A725
| Cores: 20 | Logical Cores: 20
|---------------------------------------------------------------------------------------------|
| Total Memory (MB): 124609 | Free Memory: 106862
| Total Page/Swap (MB): 0 | Free Page/Swap: 0
|---------------------------------------------------------------------------------------------|
[11.847s] [ext: omni.kit.pipapi-0.0.0] startup
[11.875s] [ext: omni.kit.pip_archive-0.0.0] startup
[11.888s] [ext: isaacsim.pip.newton-0.6.1] startup
[11.901s] [ext: omni.pip.compute-1.9.2] startup
[11.912s] [ext: omni.isaac.core_archive-5.3.1] startup
[11.924s] [ext: omni.kit.telemetry-0.5.2] startup
[11.965s] [ext: omni.kit.loop-isaac-1.6.0] startup
[11.984s] [ext: omni.kit.test-2.0.7] startup
[12.266s] [ext: omni.materialx.libs-1.0.9] startup
[12.279s] [ext: omni.gpucompute.plugins-0.0.0] startup
[12.280s] [ext: omni.usd.config-1.0.7] startup
[12.293s] [ext: omni.usd.libs-1.0.3] startup
[12.342s] [ext: omni.iray.libs-0.0.1] startup
[12.346s] [ext: omni.mdl-57.0.3] startup
[12.624s] [ext: omni.mdl.neuraylib-0.2.20] startup
[12.645s] [ext: omni.kit.usd.mdl-1.1.9] startup
[12.802s] [ext: omni.appwindow-1.2.2] startup
[12.813s] [ext: omni.kit.renderer.core-1.2.2] startup
2026-07-01T15:08:46Z [12,951ms] [Warning] [carb.windowing-glfw.plugin] GLFW initialization failed.
2026-07-01T15:08:46Z [12,951ms] [Warning] [carb] Failed to startup plugin carb.windowing-glfw.plugin (interfaces: [carb::windowing::IGLContext v1.0],[carb::windowing::IWindowing v1.5]) (impl: carb.windowing-glfw.plugin)
[13.008s] [ext: omni.kit.renderer.capture-2.0.1] startup
[13.033s] [ext: omni.kit.renderer.imgui-2.0.6] startup
2026-07-01T15:08:46Z [13,020ms] [Warning] [carb.windowing-glfw.plugin] GLFW initialization failed.
2026-07-01T15:08:46Z [13,020ms] [Warning] [carb] Failed to startup plugin carb.windowing-glfw.plugin (interfaces: [carb::windowing::IGLContext v1.0],[carb::windowing::IWindowing v1.5]) (impl: carb.windowing-glfw.plugin)
2026-07-01T15:08:46Z [13,021ms] [Warning] [carb.windowing-glfw.plugin] GLFW initialization failed.
2026-07-01T15:08:46Z [13,021ms] [Warning] [carb] Failed to startup plugin carb.windowing-glfw.plugin (interfaces: [carb::windowing::IGLContext v1.0],[carb::windowing::IWindowing v1.5]) (impl: carb.windowing-glfw.plugin)
[13.096s] [ext: omni.ui-3.2.0] startup
[13.127s] [ext: omni.kit.mainwindow-1.0.3] startup
[13.146s] [ext: carb.audio-0.1.0] startup
[13.149s] [ext: omni.uiaudio-1.0.0] startup
[13.162s] [ext: omni.kit.uiapp-0.0.0] startup
[13.162s] [ext: omni.usd.schema.metrics.assembler-110.1.0] startup
[13.184s] [ext: omni.usd.schema.audio-0.0.1] startup
[13.204s] [ext: omni.usd_resolver-1.0.0] startup
[13.221s] [ext: omni.usd.core-1.8.3] startup
[13.223s] [ext: omni.metropolis.schema-0.0.3] startup
[13.235s] [ext: isaacsim.anim.robot.schema-0.1.1] startup
[13.251s] [ext: omni.usd.schema.anim-0.0.1] startup
[13.304s] [ext: omni.usd.schema.geospatial-0.0.1] startup
[13.323s] [ext: omni.usd.schema.omnigraph-1.0.1] startup
[13.348s] [ext: omni.usd.schema.semantics-0.0.0] startup
[13.365s] [ext: omni.activity.core-1.0.3] startup
[13.379s] [ext: omni.cubric-0.1.0] startup
[13.380s] [ext: omni.graph.exec-0.9.6] startup
[13.380s] [ext: omni.hydra.scene_delegate-0.3.5] startup
[13.384s] [ext: usdrt.scenegraph-7.6.3] startup
[13.471s] [ext: omni.hydra.usdrt_delegate-7.5.2] startup
[13.489s] [ext: omni.inspect-1.0.2] startup
[13.501s] [ext: omni.kit.actions.core-1.0.0] startup
[13.521s] [ext: omni.kit.audiodeviceenum-1.0.2] startup
[13.535s] [ext: omni.kit.commands-1.5.0] startup
[13.568s] [ext: omni.kit.exec.core-0.13.5] startup
[13.591s] [ext: omni.kit.usd_undo-0.1.8] startup
[13.605s] [ext: omni.kit.window.popup_dialog-2.0.25] startup
[13.636s] [ext: omni.kit.widget.nucleus_connector-2.3.1] startup
[13.674s] [ext: omni.timeline-1.1.0] startup
[13.686s] [ext: omni.usd-1.16.0] startup
[13.827s] [ext: omni.graph.core-3.1.2] startup
[13.830s] [ext: omni.kit.notification_manager-1.0.11] startup
[13.846s] [ext: isaacsim.core.deprecation_manager-0.4.2] startup
[13.861s] [ext: isaacsim.replicator.agent.schema-0.1.1] startup
[13.876s] [ext: isaacsim.robot.schema-6.3.7] startup
[13.924s] [ext: isaacsim.robot_motion.schema-0.2.1] startup
[13.941s] [ext: omni.anim.behavior.schema-110.1.0] startup
[13.964s] [ext: omni.anim.graph.schema-110.1.1] startup
[13.990s] [ext: omni.anim.navigation.schema-110.1.0] startup
[14.012s] [ext: omni.behavior.tree.schema-110.1.0] startup
[14.029s] [ext: omni.isaac.ml_archive-3.3.0] startup
[14.044s] [ext: omni.kit.asset_converter-6.0.1] startup
[14.082s] [ext: omni.pip.cloud-1.5.4] startup
[14.114s] [ext: omni.usd.schema.flow-110.0.0] startup
[14.126s] [ext: omni.usd.schema.mujoco-1.1.1] startup
[14.140s] [ext: omni.usd.schema.newton-1.2.1] startup
[14.156s] [ext: omni.usd.schema.omni_lens_distortion-1.0.0] startup
[14.171s] [ext: omni.usd.schema.omni_projectors-1.0.0] startup
[14.184s] [ext: omni.usd.schema.omni_sensors-0.0.0] startup
[14.211s] [ext: omni.usd.schema.omniscripting-1.0.1] startup
[14.232s] [ext: omni.usd.schema.physical_lighting-0.1.0] startup
[14.251s] [ext: omni.usd.schema.physx-110.1.13] startup
[14.300s] [ext: omni.usd.schema.render_settings.rtx-1.0.2] startup
[14.321s] [ext: omni.usd.schema.usd_particle_field-1.0.0] startup
[14.333s] [ext: isaacsim.core.version-2.1.1] startup
[14.350s] [ext: omni.kit.menu.core-1.2.0] startup
[14.366s] [ext: omni.kit.menu.utils-2.2.4] startup
[14.419s] [ext: isaacsim.app.about-2.3.1] startup
[14.443s] [ext: isaacsim.asset.transformer-1.2.5] startup
[14.462s] [ext: omni.scene.optimizer.core-110.1.0] startup
[14.533s] [ext: isaacsim.asset.importer.utils-1.8.1] startup
[14.559s] [ext: omni.convexdecomposition-110.1.13] startup
[14.573s] [ext: omni.physics-110.1.13] startup
[14.594s] [ext: omni.physx.gpu-110.1.13] startup
[14.595s] [ext: omni.physx.foundation-110.1.13] startup
[14.608s] [ext: omni.usdphysics-110.1.13] startup
[14.620s] [ext: omni.physx.cooking-110.1.13] startup
[14.634s] [ext: omni.physx-110.1.13] startup
[14.661s] [ext: omni.physics.physx-110.1.13] startup
[14.674s] [ext: isaacsim.asset.exporter.urdf-2.0.5] startup
[14.714s] [ext: omni.kit.clipboard-1.1.1] startup
[14.729s] [ext: omni.kit.usd.layers-2.6.1] startup
[14.770s] [ext: omni.kit.widget.context_menu-1.4.0] startup
[14.791s] [ext: omni.kit.context_menu-1.9.0] startup
[14.813s] [ext: omni.kit.helper.file_utils-0.1.10] startup
[14.831s] [ext: omni.kit.widget.nucleus_info-2.0.2] startup
[14.848s] [ext: omni.kit.search_core-1.0.8] startup
[14.861s] [ext: omni.kit.widget.path_field-2.0.13] startup
[14.882s] [ext: omni.kit.widget.browser_bar-2.0.10] startup
[14.899s] [ext: omni.kit.widget.filebrowser-2.13.4] startup
[14.934s] [ext: omni.kit.widget.options_menu-1.1.6] startup
[14.956s] [ext: omni.kit.widget.options_button-1.0.3] startup
[14.974s] [ext: omni.kit.widget.search_delegate-1.0.9] startup
[14.995s] [ext: omni.ui.scene-2.0.3] startup
[15.013s] [ext: omni.kit.window.filepicker-2.15.5] startup
[15.124s] [ext: omni.kit.window.file_importer-1.1.21] startup
[15.142s] [ext: omni.kit.material.library-3.1.2] startup
[15.178s] [ext: isaacsim.asset.transformer.rules-1.7.10] startup
[15.257s] [ext: omni.usdex.libs-2.2.2] startup
[15.278s] [ext: isaacsim.asset.importer.mjcf-3.10.1] startup
[15.302s] [ext: isaacsim.asset.importer.urdf-3.11.2] startup
[15.334s] [ext: omni.kit.primitive.mesh-1.1.0] startup
[15.362s] [ext: omni.kit.stage_template.core-1.1.22] startup
[15.380s] [ext: omni.kit.stage_templates-2.0.2] startup
[15.403s] [ext: omni.usd.metrics.assembler-110.1.2] startup
[15.426s] [ext: omni.warp.core-1.13.0] startup
[15.768s] [ext: isaacsim.core.experimental.utils-0.17.2] startup
[15.796s] [ext: omni.physics.stageupdate-110.1.13] startup
[15.813s] [ext: omni.physics.tensors-110.1.13] startup
[15.841s] [ext: omni.physx.tensors-110.1.13] startup
[15.848s] [ext: isaacsim.core.simulation_manager-1.15.6] startup
[15.893s] [ext: isaacsim.storage.native-1.9.3] startup
[15.917s] [ext: omni.usd.metrics.assembler.physics-110.1.13] startup
[15.946s] [ext: isaacsim.core.utils-4.1.7] startup
[15.975s] [ext: isaacsim.core.prims-0.11.7] startup
[18.573s] [ext: isaacsim.core.api-5.2.13] startup
[18.654s] [ext: isaacsim.core.cloner-1.7.3] startup
[18.672s] [ext: isaacsim.test.docstring-1.3.2] startup
[18.705s] [ext: isaacsim.core.experimental.prims-1.8.9] startup
[18.778s] [ext: isaacsim.core.experimental.primdata-0.3.2] startup
[18.783s] [ext: omni.graph.tools-1.81.0] startup
[18.911s] [ext: omni.graph-1.142.5] startup
[19.025s] [ext: isaacsim.core.experimental.actuators-0.1.2] startup
[19.081s] [ext: isaacsim.core.experimental.materials-0.7.1] startup
[19.122s] [ext: isaacsim.core.experimental.objects-0.8.1] startup
[19.407s] [ext: omni.hydra.engine.stats-1.0.5] startup
[19.425s] [ext: omni.hydra.rtx.shadercache.vulkan-1.0.0] startup
[19.444s] [ext: omni.index.libs-387500.4413.0] startup
[19.444s] [ext: omni.index-1.0.1] startup
[19.444s] [ext: omni.ujitso.client-0.0.0] startup
[19.445s] [ext: omni.usd.schema.playback-1.0.0] startup
[19.466s] [ext: omni.volume-0.5.2] startup
[19.478s] [ext: omni.hydra.rtx-1.0.4] startup
2026-07-01T15:08:52Z [19,474ms] [Warning] [omni.log] Source: omni.hydra was already registered.
[19.503s] [ext: omni.kit.hydra_texture-1.6.0] startup
[19.521s] [ext: omni.kit.raycast.query-1.2.0] startup
[19.544s] [ext: omni.kit.viewport.legacy_gizmos-1.0.24] startup
[19.561s] [ext: omni.kit.viewport.registry-104.0.6] startup
[19.578s] [ext: omni.kit.viewport.scene_camera_model-1.0.7] startup
[19.597s] [ext: omni.kit.widget.viewport-109.2.0] startup
[19.634s] [ext: omni.kit.window.drop_support-1.0.8] startup
[19.650s] [ext: omni.kit.viewport.window-109.0.2] startup
[19.716s] [ext: omni.kit.viewport.utility-2.0.1] startup
[19.734s] [ext: isaacsim.core.rendering_manager-0.4.3] startup
[19.774s] [ext: omni.graph.action_core-1.1.9] startup
[19.794s] [ext: omni.graph.action_nodes_core-2.11.0] startup
[19.814s] [ext: omni.graph.action_nodes-2.11.0] startup
[19.931s] [ext: omni.graph.action-2.10.2] startup
[19.944s] [ext: omni.graph.image.core-0.6.1] startup
[19.946s] [ext: omni.graph.image.nodes-1.3.1] startup
[19.947s] [ext: omni.graph.nodes_core-2.11.0] startup
[19.966s] [ext: omni.graph.nodes-2.12.0] startup
[19.987s] [ext: omni.kit.hotkeys.core-1.3.12] startup
[19.988s] [ext: omni.kit.property.adapter.core-1.1.1] startup
[20.011s] [ext: omni.kit.property.adapter.usd-1.0.5] startup
[20.035s] [ext: omni.kit.widget.filter-1.1.5] startup
[20.051s] [ext: omni.kit.widget.highlight_label-1.0.3] startup
[20.067s] [ext: omni.kit.widget.searchfield-1.1.8] startup
[20.086s] [ext: omni.kit.window.file_exporter-1.0.36] startup
[20.103s] [ext: omni.kit.widget.stage-4.4.0] startup
[20.181s] [ext: omni.kit.window.content_browser_registry-0.0.6] startup
[20.198s] [ext: omni.kit.window.file-2.0.10] startup
[20.237s] [ext: omni.kit.window.content_browser-3.1.8] startup
[20.285s] [ext: omni.kit.window.property-1.15.1] startup
[20.362s] [ext: omni.kit.property.usd-4.9.4] startup
[20.432s] [ext: omni.graph.scriptnode-2.10.2] startup
[20.470s] [ext: omni.kit.widget.searchable_combobox-1.0.7] startup
[20.490s] [ext: omni.kit.widget.settings-2.0.0] startup
[20.513s] [ext: omni.kit.window.preferences-1.8.3] startup
[20.553s] [ext: omni.kit.viewport.menubar.core-107.2.2] startup
[20.616s] [ext: omni.syntheticdata-0.6.15] startup
[20.694s] [ext: omni.replicator.nv-1.1.1] startup
[20.710s] [ext: omni.videoencoding-0.2.1] startup
[20.722s] [ext: omni.replicator.core-1.13.27] startup
2026-07-01T15:08:54Z [20,789ms] [Warning] [pxr.Semantics] pxr.Semantics is deprecated - please use Semantics instead
2026-07-01T15:08:54Z [20,956ms] [Warning] [omni.replicator.core.scripts.extension] No material configuration file, adding configuration to material settings directly.
[21.351s] [ext: isaacsim.core.nodes-5.10.5] startup
[21.457s] [ext: isaacsim.core.throttling-2.3.5] startup
[21.474s] [ext: omni.kit.manipulator.viewport-107.0.1] startup
[21.491s] [ext: omni.graph.visualization.nodes-2.1.4] startup
[21.556s] [ext: omni.kit.window.extensions-1.5.10] startup
[21.599s] [ext: isaacsim.gui.components-1.8.5] startup
[21.638s] [ext: isaacsim.robot.surface_gripper-3.6.2] startup
[21.696s] [ext: isaacsim.robot.manipulators-3.4.4] startup
[21.760s] [ext: isaacsim.robot_motion.lula-4.1.3] startup
[21.786s] [ext: isaacsim.robot_motion.motion_generation-8.2.9] startup
[21.840s] [ext: isaacsim.cortex.framework-1.0.18] startup
[21.855s] [ext: isaacsim.cortex.behaviors-2.0.17] startup
[21.875s] [ext: isaacsim.examples.base-1.3.2] startup
[21.893s] [ext: omni.kit.widget.zoombar-1.0.7] startup
[21.911s] [ext: omni.kit.browser.core-2.3.18] startup
[21.957s] [ext: omni.kit.browser.folder.core-2.0.2] startup
[22.017s] [ext: omni.kit.widget.stage_icons-1.0.8] startup
[22.033s] [ext: omni.kit.window.stage-2.6.1] startup
[22.053s] [ext: omni.kit.menu.stage-1.2.7] startup
[22.073s] [ext: omni.kit.usd.collect-3.0.6] startup
[22.099s] [ext: omni.kit.widget.prompt-1.0.7] startup
[22.118s] [ext: omni.kit.tool.collect-2.2.19] startup
[22.147s] [ext: isaacsim.examples.browser-0.3.2] startup
[22.171s] [ext: omni.kit.search.files-1.0.4] startup
[22.189s] [ext: omni.kit.widget.calendar-1.0.9] startup
[22.212s] [ext: omni.kit.widget.extended_searchfield-1.0.31] startup
[22.278s] [ext: omni.simready.content.browser-0.3.7] startup
[22.682s] [ext: isaacsim.gui.content_browser-0.4.3] startup
[22.705s] [ext: omni.kit.selection-0.1.6] startup
[22.720s] [ext: isaacsim.gui.menu-2.10.5] startup
[22.770s] [ext: isaacsim.gui.property-1.6.4] startup
[22.808s] [ext: omni.kit.viewport.actions-110.0.0] startup
[22.829s] [ext: omni.kit.viewport.menubar.display-107.1.3] startup
[22.849s] [ext: isaacsim.gui.sensors.icon-2.2.1] startup
[22.878s] [ext: omni.behavior.scripting.core-110.1.0] startup
[22.907s] [ext: isaacsim.replicator.behavior-1.5.4] startup
[22.920s] [ext: isaacsim.replicator.experimental.domain_randomization-1.2.5] startup
[22.986s] [ext: isaacsim.replicator.domain_randomization-1.2.2] startup
[23.073s] [ext: isaacsim.replicator.writers-1.5.4] startup
[23.185s] [ext: isaacsim.robot.experimental.wheeled_robots-0.2.11] startup
[23.274s] [ext: isaacsim.robot.policy.examples-5.2.12] startup
[23.361s] [ext: isaacsim.robot.wheeled_robots-5.2.4] startup
[23.390s] [ext: isaacsim.robot.wheeled_robots.nodes-0.1.5] startup
[23.474s] [ext: isaacsim.robot_motion.experimental.motion_generation-6.1.3] startup
[23.528s] [ext: isaacsim.robot_motion.cumotion-1.3.1] startup
[23.578s] [ext: omni.kit.numpy.common-0.1.3] startup
[23.593s] [ext: isaacsim.sensors.camera-1.7.9] startup
[23.648s] [ext: isaacsim.sensors.experimental.physics-3.0.2] startup
[23.682s] [ext: omni.sensors.net-1.0.1] startup
[23.697s] [ext: omni.sensors.nv.common-3.0.0] startup
[23.722s] [ext: omni.sensors.nv.materials-2.0.0] startup
[23.739s] [ext: omni.sensors.nv.acoustic-3.0.0] startup
[23.742s] [ext: omni.sensors.nv.ids-2.0.1] startup
[23.743s] [ext: omni.sensors.nv.lidar-3.0.0] startup
[23.762s] [ext: omni.sensors.nv.radar-3.0.0] startup
[23.765s] [ext: isaacsim.sensors.experimental.rtx-1.4.6] startup
[24.232s] [ext: isaacsim.sensors.physics.nodes-1.5.3] startup
[24.261s] [ext: isaacsim.util.debug_draw-3.2.3] startup
[24.286s] [ext: isaacsim.sensors.physx-2.5.5] startup
[24.315s] [ext: isaacsim.sensors.rtx-15.17.1] startup
[24.353s] [ext: isaacsim.simulation_app-2.18.4] startup
[24.354s] [ext: omni.anim.curve.core-1.6.0] startup
[24.393s] [ext: omni.graph.ui_nodes-2.11.1] startup
[24.588s] [ext: omni.hydra.scene_api-0.1.3] startup
[24.609s] [ext: omni.kit.manipulator.camera-110.0.0] startup
[24.640s] [ext: omni.kit.manipulator.selector-1.1.4] startup
[24.658s] [ext: omni.kit.manipulator.transform-107.0.0] startup
[24.686s] [ext: omni.kit.widget.toolbar-2.1.0] startup
[24.721s] [ext: omni.kit.manipulator.tool.snap-1.5.14] startup
[24.747s] [ext: omni.kit.viewport.manipulator.transform-107.0.4] startup
[24.768s] [ext: omni.kit.manipulator.prim.core-108.0.2] startup
[24.803s] [ext: omni.kit.manipulator.prim.usd-107.0.3] startup
[24.825s] [ext: omni.kit.manipulator.prim-108.0.0] startup
[24.825s] [ext: omni.kit.manipulator.selection-109.0.1] startup
[24.844s] [ext: omni.kit.menu.create-2.0.2] startup
[24.863s] [ext: omni.kit.property.audio-1.0.16] startup
[24.895s] [ext: omni.kit.property.camera-1.0.14] startup
[24.919s] [ext: omni.kit.property.geometry-2.1.2] startup
[24.948s] [ext: omni.kit.property.light-1.0.14] startup
2026-07-01T15:08:58Z [25,037ms] [Warning] [omni.usd] Encountered USD Warnings but USD Diagnostics are currently muted. To view USD Warnings, please set the '/persistent/app/usd/muteUsdDiagnostics' setting to false in Preferences page.
[25.061s] [ext: omni.kit.property.material-1.14.6] startup
[25.136s] [ext: omni.kit.property.render-1.2.2] startup
[25.155s] [ext: omni.kit.property.transform-1.6.9] startup
[25.206s] [ext: omni.kit.property.bundle-1.5.1] startup
[25.225s] [ext: omni.kit.usdz_export-1.1.0] startup
[25.242s] [ext: omni.kit.tool.asset_importer-6.0.1] startup
[25.279s] [ext: omni.kit.ui.actions-1.0.5] startup
[25.297s] [ext: omni.kit.viewport.menubar.camera-107.0.10] startup
[25.332s] [ext: omni.kit.viewport.menubar.lighting-107.3.2] startup
[25.359s] [ext: omni.kit.viewport.menubar.render-110.0.0] startup
[25.388s] [ext: omni.kit.viewport.menubar.settings-110.0.1] startup
[25.429s] [ext: omni.kit.window.console-1.1.9] startup
[25.456s] [ext: omni.kit.window.status_bar-0.1.11] startup
[25.474s] [ext: omni.kit.window.toolbar-3.0.3] startup
[25.493s] [ext: omni.ocio-0.1.1] startup
[25.503s] [ext: omni.physx.commands-110.1.13] startup
[25.529s] [ext: omni.replicator.replicator_yaml-2.0.12] startup
[25.581s] [ext: omni.rtx.window.settings-0.8.0] startup
[25.605s] [ext: omni.rtx.settings.core-0.7.1] startup
[25.636s] [ext: omni.usd.metrics.assembler.ui-110.1.1] startup
[25.664s] [ext: semantics.schema.editor-2.0.2] startup
[25.685s] [ext: semantics.schema.property-2.0.2] startup
[25.700s] [ext: omni.kit.menu.common-2.0.2] startup
[25.718s] [ext: isaacsim.exp.base-6.0.1] startup
[25.718s] [ext: isaacsim.exp.base.python-6.0.1] startup
[25.720s] Simulation App Starting
[191.191s] Simulation App Startup Complete
[191.201s] app ready
Starting kit application with the following args:  ['/isaac-sim/exts/isaacsim.simulation_app/isaacsim/simulation_app/simulation_app.py', '/isaac-sim/apps/isaacsim.exp.base.python.kit', '--/app/tokens/exe-path=/isaac-sim/kit', '--/persistent/app/viewport/displayOptions=3094', '--/rtx/materialDb/syncLoads=True', '--/rtx/hydra/materialSyncLoads=True', '--/omni/kit/plugin/syncUsdLoads=True', '--/app/renderer/resolution/width=1280', '--/app/renderer/resolution/height=720', '--/app/window/width=1440', '--/app/window/height=900', '--/renderer/multiGpu/enabled=True', '--/app/fastShutdown=True', '--/app/installSignalHandlers=0', '--ext-folder', '/isaac-sim/exts', '--ext-folder', '/isaac-sim/apps', '--/physics/cudaDevice=0', '--/plugins/carb.tasking.plugin/threadCount=20', '--/plugins/omni.tbb.globalcontrol/maxThreadCount=20', '--portable', '--no-window', '--/app/window/hideUi=1']
Passing the following args to the base kit application:  []
Warp 1.13.0 initialized:
   CUDA Toolkit 12.9, Driver 13.0
   Devices:
     "cpu"      : "aarch64"
     "cuda:0"   : "NVIDIA GB10" (122 GiB, sm_121, mempool enabled)
   Kernel cache:
     /isaac-sim/.cache/warp/1.13.0
MARK_ASSET: https://omniverse-content-production.s3-us-west-2.amazonaws.com/Assets/Isaac/6.0/Isaac/Samples/Rigging/Forklift/forklift_b_rigged_cm.usd
MARK_ARTROOTS: 1
  ART: /F
MARK_JOINTS: 7
  JOINT type=PhysicsRevoluteJoint   axis=X    drives=[angular]  /F/back_wheel_joints/back_wheel_drive
  JOINT type=PhysicsRevoluteJoint   axis=Z    drives=[angular]  /F/back_wheel_joints/back_wheel_swivel
  JOINT type=PhysicsRevoluteJoint   axis=X    drives=[]  /F/roller_joints/front_right_roller
  JOINT type=PhysicsRevoluteJoint   axis=X    drives=[]  /F/roller_joints/back_left_roller
  JOINT type=PhysicsRevoluteJoint   axis=X    drives=[]  /F/roller_joints/back_right_roller
  JOINT type=PhysicsRevoluteJoint   axis=X    drives=[]  /F/roller_joints/front_left_roller
  JOINT type=PhysicsPrismaticJoint  axis=Z    drives=[linear]  /F/lift_joint/lift_joint
MARK_RIGIDS: 8
  RB: /F/lift
  RB: /F/body
  RB: /F/back_wheel
  RB: /F/roller_front_right
  RB: /F/roller_back_left
  RB: /F/roller_back_right
  RB: /F/roller_front_left
  RB: /F/back_wheel_swivel
MARK_HIER
F [Xform]
  Looks [Scope]
    M_Forklift_B1_Body [Material]
      Shader [Shader]
    M_Forklift_B1_Decals [Material]
      Shader [Shader]
    M_Forklift_B1_Glass [Material]
      Shader [Shader]
    M_Forklift_B1_Blue [Material]
      Shader [Shader]
  lift [Xform]
    SM_Forklift_Lift_B01_01 [Mesh]
    SM_Forklift_OperatorCabGlass_B01_01 [Mesh]
    SM_Forklift_OperatorCab_B01_01 [Mesh]
    SM_Forklift_OperatorCabDecal_B01_01 [Mesh]
    SM_Forklift_OperatorCabPedal_B01_01 [Mesh]
  body [Xform]
    SM_Forklift_RightChainWheel_B01_01 [Mesh]
    SM_Forklift_CenterChain_B01_01 [Mesh]
    SM_Forklift_LeftChainWheel_B01_01 [Mesh]
    SM_Forklift_RightHose_B01_01 [Mesh]
    SM_Forklift_LeftHose_B01_01 [Mesh]
    SM_Forklift_HoseWheel_B01_01 [Mesh]
    SM_Forklift_CenterChainWheel_B01_01 [Mesh]
    SM_Forklift_OperatorCabTopWheels_B01_01 [Mesh]
    SM_Forklift_OperatorCabBotWheels_B01_01 [Mesh]
    SM_Forklift_LiftBotWheels_B01_01 [Mesh]
    SM_Forklift_LiftTopWheels_B01_01 [Mesh]
    SM_Forklift_MastTopWheels_B01_01 [Mesh]
    SM_Forklift_MastBottomWheels_B01_01 [Mesh]
    SM_Forklift_CenterHydralicLift_B01_01 [Mesh]
    SM_Forklift_HydraulicSystem_B01_01 [Mesh]
    SM_Forklift_LeftChain_B01_01 [Mesh]
    SM_Forklift_RightChain_B01_01 [Mesh]
    SM_Forklift_Body_B01_01 [Mesh]
      M_Forklift_B1_Body [GeomSubset]
      M_Forklift_B1_Plastic [GeomSubset]
    SM_Forklift_BodyDecal_B01_01 [Mesh]
    SM_Forklift_BodyGlass_B01_01 [Mesh]
  back_wheel [Xform]
    SM_Forklift_BackWheel_B01_01 [Mesh]
    Cylinder [Cylinder]
  roller_front_right [Xform]
    SM_Forklift_LeadWheelsFrontRight_B01_01 [Mesh]
    Cylinder [Cylinder]
  roller_back_left [Xform]
    SM_Forklift_LeadWheelsBackLeft_B01_01 [Mesh]
    Cylinder_01 [Cylinder]
  roller_back_right [Xform]
    SM_Forklift_LeadWheelsBackRight_B01_01 [Mesh]
    Cylinder_02 [Cylinder]
  roller_front_left [Xform]
    SM_Forklift_LeadWheelsFrontLeft_B01_01 [Mesh]
    Cylinder_03 [Cylinder]
  back_wheel_swivel [Xform]
    SM_Forklift_BackWheelbase_B01_01 [Mesh]
  back_wheel_joints [Scope]
    back_wheel_drive [PhysicsRevoluteJoint]
    back_wheel_swivel [PhysicsRevoluteJoint]
  roller_joints [Scope]
    front_right_roller [PhysicsRevoluteJoint]
    back_left_roller [PhysicsRevoluteJoint]
    back_right_roller [PhysicsRevoluteJoint]
    front_left_roller [PhysicsRevoluteJoint]
  lift_joint [Scope]
    lift_joint [PhysicsPrismaticJoint]
MARK_DONE
[253.188s] Simulation App Shutting Down
